<?xml version="1.0" encoding="UTF-8"?>
<testng-results ignored="0" total="2" passed="2" failed="0" skipped="0">
  <reporter-output>
  </reporter-output>
  <suite started-at="2025-04-19T12:48:46 IST" name="All Test Suite" finished-at="2025-04-19T12:49:23 IST" duration-ms="37320">
    <groups>
    </groups>
    <test started-at="2025-04-19T12:48:46 IST" name="/Users/priyankubora/Documents/Learnings/Selenium Basics/selenium-pom-testng framework/selenium-testng-pom" finished-at="2025-04-19T12:49:23 IST" duration-ms="37320">
      <class name="tests.LoginTest">
        <test-method is-config="true" signature="setUp()[pri:0, instance:tests.LoginTest@3f191845]" started-at="2025-04-19T12:48:46 IST" name="setUp" finished-at="2025-04-19T12:48:56 IST" duration-ms="10077" status="PASS">
          <reporter-output>
          </reporter-output>
        </test-method> <!-- setUp -->
        <test-method signature="testInvalidLogin()[pri:0, instance:tests.LoginTest@3f191845]" started-at="2025-04-19T12:48:56 IST" name="testInvalidLogin" finished-at="2025-04-19T12:49:06 IST" duration-ms="9736" status="PASS">
          <reporter-output>
          </reporter-output>
        </test-method> <!-- testInvalidLogin -->
        <test-method is-config="true" signature="tearDown()[pri:0, instance:tests.LoginTest@3f191845]" started-at="2025-04-19T12:49:06 IST" name="tearDown" finished-at="2025-04-19T12:49:06 IST" duration-ms="111" status="PASS">
          <reporter-output>
          </reporter-output>
        </test-method> <!-- tearDown -->
        <test-method is-config="true" signature="setUp()[pri:0, instance:tests.LoginTest@3f191845]" started-at="2025-04-19T12:49:06 IST" name="setUp" finished-at="2025-04-19T12:49:14 IST" duration-ms="8166" status="PASS">
          <reporter-output>
          </reporter-output>
        </test-method> <!-- setUp -->
        <test-method signature="testValidLogin()[pri:0, instance:tests.LoginTest@3f191845]" started-at="2025-04-19T12:49:14 IST" name="testValidLogin" finished-at="2025-04-19T12:49:23 IST" duration-ms="9001" status="PASS">
          <reporter-output>
          </reporter-output>
        </test-method> <!-- testValidLogin -->
        <test-method is-config="true" signature="tearDown()[pri:0, instance:tests.LoginTest@3f191845]" started-at="2025-04-19T12:49:23 IST" name="tearDown" finished-at="2025-04-19T12:49:23 IST" duration-ms="102" status="PASS">
          <reporter-output>
          </reporter-output>
        </test-method> <!-- tearDown -->
      </class> <!-- tests.LoginTest -->
    </test> <!-- /Users/priyankubora/Documents/Learnings/Selenium Basics/selenium-pom-testng framework/selenium-testng-pom -->
  </suite> <!-- All Test Suite -->
</testng-results>
