<?xml version="1.0" encoding="UTF-8"?>
<!-- Generated by org.testng.reporters.JUnitXMLReporter -->
<testsuite ignored="0" hostname="priyankus-MacBook-Air.local" failures="0" tests="2" name="/Users/priyankubora/Documents/Learnings/Selenium Basics/selenium-pom-testng framework/selenium-testng-pom" time="37.32" errors="0" timestamp="2025-04-19T12:49:23 IST">
  <testcase classname="tests.LoginTest" name="testInvalidLogin" time="9.736"/>
  <testcase classname="tests.LoginTest" name="testValidLogin" time="9.001"/>
</testsuite> <!-- /Users/priyankubora/Documents/Learnings/Selenium Basics/selenium-pom-testng framework/selenium-testng-pom -->
